<?xml version="1.0" encoding="UTF-8"?>
<testsuite xmlns:xsi="http://www.w3.org/2001/XMLSchema-instance" xsi:noNamespaceSchemaLocation="https://maven.apache.org/surefire/maven-surefire-plugin/xsd/surefire-test-report.xsd" version="3.0.2" name="TestSuite" time="7.996" tests="1" errors="0" skipped="0" failures="0">
  <properties>
[...]
</properties>
  <testcase name="testLogin" classname="testCases.TC_002LoginTest" time="1.874">
    <system-out><![CDATA[2025-05-14T23:17:43.778672700Z main DEBUG Apache Log4j Core 2.24 initializing configuration XmlConfiguration[location=C:\Devendra\Selenium\Java\WorkSpaces\JavaSeleniumWorkSpace\OpenCartV1\target\test-classes\log4j2.xml, lastModified=2025-05-03T16:02:38.246Z]
2025-05-14T23:17:43.778672700Z main DEBUG PluginManager 'Core' found 131 plugins
2025-05-14T23:17:43.778672700Z main DEBUG PluginManager 'Level' found 0 plugins
2025-05-14T23:17:43.778672700Z main DEBUG Building Plugin[name=Property, class=org.apache.logging.log4j.core.config.Property].
2025-05-14T23:17:43.815964500Z main DEBUG PluginManager 'TypeConverter' found 26 plugins
2025-05-14T23:17:43.826509500Z main DEBUG createProperty(name="basePath", value="./logs", Configuration(C:\Devendra\Selenium\Java\WorkSpaces\JavaSeleniumWorkSpace\OpenCartV1\target\test-classes\log4j2.xml))
2025-05-14T23:17:43.826509500Z main DEBUG Building Plugin[name=Properties, class=org.apache.logging.log4j.core.config.PropertiesPlugin].
2025-05-14T23:17:43.826509500Z main DEBUG configureSubstitutor(={basePath=./logs}, Configuration(C:\Devendra\Selenium\Java\WorkSpaces\JavaSeleniumWorkSpace\OpenCartV1\target\test-classes\log4j2.xml))
2025-05-14T23:17:43.834024300Z main DEBUG PluginManager 'Lookup' found 16 plugins
2025-05-14T23:17:43.834024300Z main DEBUG Building Plugin[name=layout, class=org.apache.logging.log4j.core.layout.PatternLayout].
2025-05-14T23:17:43.842684200Z main DEBUG PatternLayout$Builder(pattern="%d{HH:mm:ss.SSS} [%t] %-5level %logger{36} - %msg%n", PatternSelector=null, Configuration(C:\Devendra\Selenium\Java\WorkSpaces\JavaSeleniumWorkSpace\OpenCartV1\target\test-classes\log4j2.xml), Replace=null, charset="null", alwaysWriteExceptions="null", disableAnsi="null", noConsoleNoAnsi="null", header="null", footer="null")
2025-05-14T23:17:43.842684200Z main DEBUG PluginManager 'Converter' found 45 plugins
2025-05-14T23:17:43.842684200Z main DEBUG Building Plugin[name=appender, class=org.apache.logging.log4j.core.appender.ConsoleAppender].
2025-05-14T23:17:43.858193Z main DEBUG ConsoleAppender$Builder(target="SYSTEM_OUT", follow="null", direct="null", bufferedIo="null", bufferSize="null", immediateFlush="null", ignoreExceptions="null", PatternLayout(%d{HH:mm:ss.SSS} [%t] %-5level %logger{36} - %msg%n), name="Console", Configuration(C:\Devendra\Selenium\Java\WorkSpaces\JavaSeleniumWorkSpace\OpenCartV1\target\test-classes\log4j2.xml), Filter=null, ={})
2025-05-14T23:17:43.858193Z main DEBUG Starting OutputStreamManager SYSTEM_OUT.false.false
2025-05-14T23:17:43.858193Z main DEBUG Building Plugin[name=layout, class=org.apache.logging.log4j.core.layout.PatternLayout].
2025-05-14T23:17:43.858193Z main DEBUG PatternLayout$Builder(pattern="%d{HH:mm:ss.SSS} [%t] %-5level %loggger{36} - %msg%n", PatternSelector=null, Configuration(C:\Devendra\Selenium\Java\WorkSpaces\JavaSeleniumWorkSpace\OpenCartV1\target\test-classes\log4j2.xml), Replace=null, charset="null", alwaysWriteExceptions="null", disableAnsi="null", noConsoleNoAnsi="null", header="null", footer="null")
2025-05-14T23:17:43.858193Z main DEBUG Building Plugin[name=SizeBasedTriggeringPolicy, class=org.apache.logging.log4j.core.appender.rolling.SizeBasedTriggeringPolicy].
2025-05-14T23:17:43.858193Z main DEBUG createPolicy(size="10MB")
2025-05-14T23:17:43.873831300Z main DEBUG Building Plugin[name=appender, class=org.apache.logging.log4j.core.appender.RollingFileAppender].
2025-05-14T23:17:43.876438800Z main DEBUG RollingFileAppender$Builder(fileName="./logs/automation.log", filePattern="./logs/automation-%d{yyyy-MM-dd}.log", append="null", locking="null", SizeBasedTriggeringPolicy(SizeBasedTriggeringPolicy(size=10485760)), Strategy=null, advertise="null", advertiseUri="null", createOnDemand="null", filePermissions="null", fileOwner="null", fileGroup="null", bufferedIo="null", bufferSize="null", immediateFlush="null", ignoreExceptions="null", PatternLayout(%d{HH:mm:ss.SSS} [%t] %-5level %loggger{36} - %msg%n), name="File", Configuration(C:\Devendra\Selenium\Java\WorkSpaces\JavaSeleniumWorkSpace\OpenCartV1\target\test-classes\log4j2.xml), Filter=null, ={})
2025-05-14T23:17:43.876438800Z main DEBUG Returning file creation time for C:\Devendra\Selenium\Java\WorkSpaces\JavaSeleniumWorkSpace\OpenCartV1\.\logs\automation.log
2025-05-14T23:17:43.876438800Z main DEBUG Starting RollingFileManager ./logs/automation.log
2025-05-14T23:17:43.876438800Z main DEBUG PluginManager 'FileConverter' found 2 plugins
2025-05-14T23:17:43.889959100Z main DEBUG Setting prev file time to 2025-05-03T16:58:15.071+0100
2025-05-14T23:17:43.889959100Z main DEBUG Initializing triggering policy SizeBasedTriggeringPolicy(size=10485760)
2025-05-14T23:17:43.889959100Z main DEBUG Building Plugin[name=Appenders, class=org.apache.logging.log4j.core.config.AppendersPlugin].
2025-05-14T23:17:43.889959100Z main DEBUG createAppenders(={Console, File})
2025-05-14T23:17:43.889959100Z main DEBUG Building Plugin[name=AppenderRef, class=org.apache.logging.log4j.core.config.AppenderRef].
2025-05-14T23:17:43.889959100Z main DEBUG createAppenderRef(ref="File", level="null", Filter=null)
2025-05-14T23:17:43.889959100Z main DEBUG Building Plugin[name=Root, class=org.apache.logging.log4j.core.config.LoggerConfig$RootLogger].
2025-05-14T23:17:43.902494200Z main DEBUG LoggerConfig$RootLogger$Builder(additivity="null", level="DEBUG", levelAndRefs="null", includeLocation="null", ={File}, ={}, Configuration(C:\Devendra\Selenium\Java\WorkSpaces\JavaSeleniumWorkSpace\OpenCartV1\target\test-classes\log4j2.xml), Filter=null)
2025-05-14T23:17:43.906018800Z main DEBUG Building Plugin[name=Loggers, class=org.apache.logging.log4j.core.config.LoggersPlugin].
2025-05-14T23:17:43.906018800Z main DEBUG createLoggers(={root})
2025-05-14T23:17:43.906018800Z main DEBUG Configuration XmlConfiguration[location=C:\Devendra\Selenium\Java\WorkSpaces\JavaSeleniumWorkSpace\OpenCartV1\target\test-classes\log4j2.xml, lastModified=2025-05-03T16:02:38.246Z] initialized
2025-05-14T23:17:43.906018800Z main INFO Starting configuration XmlConfiguration[location=C:\Devendra\Selenium\Java\WorkSpaces\JavaSeleniumWorkSpace\OpenCartV1\target\test-classes\log4j2.xml, lastModified=2025-05-03T16:02:38.246Z]...
2025-05-14T23:17:43.906018800Z main INFO Start watching for changes to C:\Devendra\Selenium\Java\WorkSpaces\JavaSeleniumWorkSpace\OpenCartV1\target\test-classes\log4j2.xml every 0 seconds
2025-05-14T23:17:43.906018800Z main INFO Configuration XmlConfiguration[location=C:\Devendra\Selenium\Java\WorkSpaces\JavaSeleniumWorkSpace\OpenCartV1\target\test-classes\log4j2.xml, lastModified=2025-05-03T16:02:38.246Z] started.
2025-05-14T23:17:43.906018800Z main INFO Stopping configuration org.apache.logging.log4j.core.config.DefaultConfiguration@6a400542...
2025-05-14T23:17:43.906018800Z main DEBUG Shutting down OutputStreamManager SYSTEM_OUT.false.false-1
2025-05-14T23:17:43.906018800Z main DEBUG OutputStream closed
2025-05-14T23:17:43.906018800Z main DEBUG Shut down OutputStreamManager SYSTEM_OUT.false.false-1, all resources released: true
2025-05-14T23:17:43.906018800Z main DEBUG Appender DefaultConsole-1 stopped with status true
2025-05-14T23:17:43.906018800Z main INFO Configuration org.apache.logging.log4j.core.config.DefaultConfiguration@6a400542 stopped.
2025-05-14T23:17:43.906018800Z main DEBUG org.apache.logging.log4j.core.util.SystemClock supports precise timestamps.
2025-05-14T23:17:43.906018800Z main DEBUG Reconfiguration complete for context[name=70dea4e] at URI C:\Devendra\Selenium\Java\WorkSpaces\JavaSeleniumWorkSpace\OpenCartV1\target\test-classes\log4j2.xml (org.apache.logging.log4j.core.LoggerContext@5524cca1) with optional ClassLoader: null
2025-05-14T23:17:43.906018800Z main DEBUG Shutdown hook enabled. Registering a new one.
2025-05-14T23:17:43.906018800Z main DEBUG LoggerContext[name=70dea4e, org.apache.logging.log4j.core.LoggerContext@5524cca1] started OK.
]]></system-out>
    <system-err><![CDATA[May 15, 2025 12:17:45 AM org.openqa.selenium.devtools.CdpVersionFinder findNearestMatch
WARNING: Unable to find an exact match for CDP version 136, returning the closest version; found: 133; Please update to a Selenium version that supports CDP version 136
]]></system-err>
  </testcase>
</testsuite>