<?xml version="1.0" encoding="UTF-8"?>
<testng-results ignored="0" total="1" passed="1" failed="0" skipped="0">
  <reporter-output>
  </reporter-output>
  <suite started-at="2025-05-15T00:17:44 BST" name="Suite" finished-at="2025-05-15T00:17:50 BST" duration-ms="6523">
    <groups>
      <group name="Master">
        <method signature="TC_002LoginTest.testLogin()[pri:0, instance:testCases.TC_002LoginTest@73194df]" name="testLogin" class="testCases.TC_002LoginTest"/>
      </group> <!-- Master -->
      <group name="Sanity">
        <method signature="TC_002LoginTest.testLogin()[pri:0, instance:testCases.TC_002LoginTest@73194df]" name="testLogin" class="testCases.TC_002LoginTest"/>
      </group> <!-- Sanity -->
    </groups>
    <test started-at="2025-05-15T00:17:44 BST" name="Test" finished-at="2025-05-15T00:17:50 BST" duration-ms="6523">
      <class name="testCases.TC_002LoginTest">
        <test-method is-config="true" signature="setup(java.lang.String,java.lang.String)[pri:0, instance:testCases.TC_002LoginTest@73194df]" started-at="2025-05-15T00:17:44 BST" name="setup" finished-at="2025-05-15T00:17:48 BST" duration-ms="4238" status="PASS">
          <params>
            <param index="0">
              <value>
                <![CDATA[chrome]]>
              </value>
            </param>
            <param index="1">
              <value>
                <![CDATA[windows]]>
              </value>
            </param>
          </params>
          <reporter-output>
          </reporter-output>
        </test-method> <!-- setup -->
        <test-method signature="testLogin()[pri:0, instance:testCases.TC_002LoginTest@73194df]" started-at="2025-05-15T00:17:48 BST" name="testLogin" finished-at="2025-05-15T00:17:50 BST" duration-ms="1867" status="PASS">
          <reporter-output>
          </reporter-output>
        </test-method> <!-- testLogin -->
        <test-method is-config="true" signature="teardown()[pri:0, instance:testCases.TC_002LoginTest@73194df]" started-at="2025-05-15T00:17:50 BST" name="teardown" finished-at="2025-05-15T00:17:50 BST" duration-ms="171" status="PASS">
          <reporter-output>
          </reporter-output>
        </test-method> <!-- teardown -->
      </class> <!-- testCases.TC_002LoginTest -->
    </test> <!-- Test -->
  </suite> <!-- Suite -->
</testng-results>
